{"name": "test_CredKart_Login_params_003[getDataforLogin2]", "status": "failed", "statusDetails": {"message": "AssertionError: assert False", "trace": "self = <testCases.test_Login_params.Test_CredKart_Login_params object at 0x0000026F32529A90>\nsetup = <selenium.webdriver.chrome.webdriver.WebDriver (session=\"20303a24f9c58555671138508c550139\")>\ngetDataforLogin = ('Credencetest@test.com', 'Credence@1231')\n\n    def test_CredKart_Login_params_003(self, setup, getDataforLogin):\n        self.driver = setup\n        self.driver.get(\"https://automation.credence.in/login\")\n        self.driver.find_element(By.XPATH, \"//input[@name='email']\").send_keys(getDataforLogin[0])\n        self.driver.find_element(By.CSS_SELECTOR, \"input[id='password']\").send_keys(getDataforLogin[1])\n        self.driver.find_element(By.XPATH, \"//button[@type='submit']\").click()\n        try:\n>           self.driver.find_element(By.XPATH, \"//h2[normalize-space()='CredKart']\")\n\ntestCases\\test_Login_params.py:14: \n_ _ _ _ _ _ _ _ _ _ _ _ _ _ _ _ _ _ _ _ _ _ _ _ _ _ _ _ _ _ _ _ _ _ _ _ _ _ _ _\n\nself = <selenium.webdriver.chrome.webdriver.WebDriver (session=\"20303a24f9c58555671138508c550139\")>\nby = 'xpath', value = \"//h2[normalize-space()='CredKart']\"\n\n    def find_element(self, by=By.ID, value: Optional[str] = None) -> WebElement:\n        \"\"\"Find an element given a By strategy and locator.\n    \n        :Usage:\n            ::\n    \n                element = driver.find_element(By.ID, 'foo')\n    \n        :rtype: WebElement\n        \"\"\"\n        if isinstance(by, RelativeBy):\n            elements = self.find_elements(by=by, value=value)\n            if not elements:\n                raise NoSuchElementException(f\"Cannot locate relative element with: {by.root}\")\n            return elements[0]\n    \n        if by == By.ID:\n            by = By.CSS_SELECTOR\n            value = f'[id=\"{value}\"]'\n        elif by == By.CLASS_NAME:\n            by = By.CSS_SELECTOR\n            value = f\".{value}\"\n        elif by == By.NAME:\n            by = By.CSS_SELECTOR\n            value = f'[name=\"{value}\"]'\n    \n>       return self.execute(Command.FIND_ELEMENT, {\"using\": by, \"value\": value})[\"value\"]\n\nC:\\Users\\HP\\AppData\\Local\\Programs\\Python\\Python311\\Lib\\site-packages\\selenium\\webdriver\\remote\\webdriver.py:740: \n_ _ _ _ _ _ _ _ _ _ _ _ _ _ _ _ _ _ _ _ _ _ _ _ _ _ _ _ _ _ _ _ _ _ _ _ _ _ _ _\n\nself = <selenium.webdriver.chrome.webdriver.WebDriver (session=\"20303a24f9c58555671138508c550139\")>\ndriver_command = 'findElement'\nparams = {'using': 'xpath', 'value': \"//h2[normalize-space()='CredKart']\"}\n\n    def execute(self, driver_command: str, params: dict = None) -> dict:\n        \"\"\"Sends a command to be executed by a command.CommandExecutor.\n    \n        :Args:\n         - driver_command: The name of the command to execute as a string.\n         - params: A dictionary of named parameters to send with the command.\n    \n        :Returns:\n          The command's JSON response loaded into a dictionary object.\n        \"\"\"\n        params = self._wrap_value(params)\n    \n        if self.session_id:\n            if not params:\n                params = {\"sessionId\": self.session_id}\n            elif \"sessionId\" not in params:\n                params[\"sessionId\"] = self.session_id\n    \n        response = self.command_executor.execute(driver_command, params)\n        if response:\n>           self.error_handler.check_response(response)\n\nC:\\Users\\HP\\AppData\\Local\\Programs\\Python\\Python311\\Lib\\site-packages\\selenium\\webdriver\\remote\\webdriver.py:346: \n_ _ _ _ _ _ _ _ _ _ _ _ _ _ _ _ _ _ _ _ _ _ _ _ _ _ _ _ _ _ _ _ _ _ _ _ _ _ _ _\n\nself = <selenium.webdriver.remote.errorhandler.ErrorHandler object at 0x0000026F32558490>\nresponse = {'status': 404, 'value': '{\"value\":{\"error\":\"no such element\",\"message\":\"no such element: Unable to locate element: {\\...\\n\\\\tRtlGetAppContainerNamedObjectPath [0x77477B1E+286]\\\\n\\\\tRtlGetAppContainerNamedObjectPath [0x77477AEE+238]\\\\n\"}}'}\n\n    def check_response(self, response: Dict[str, Any]) -> None:\n        \"\"\"Checks that a JSON response from the WebDriver does not have an\n        error.\n    \n        :Args:\n         - response - The JSON response from the WebDriver server as a dictionary\n           object.\n    \n        :Raises: If the response contains an error message.\n        \"\"\"\n        status = response.get(\"status\", None)\n        if not status or status == ErrorCode.SUCCESS:\n            return\n        value = None\n        message = response.get(\"message\", \"\")\n        screen: str = response.get(\"screen\", \"\")\n        stacktrace = None\n        if isinstance(status, int):\n            value_json = response.get(\"value\", None)\n            if value_json and isinstance(value_json, str):\n                import json\n    \n                try:\n                    value = json.loads(value_json)\n                    if len(value) == 1:\n                        value = value[\"value\"]\n                    status = value.get(\"error\", None)\n                    if not status:\n                        status = value.get(\"status\", ErrorCode.UNKNOWN_ERROR)\n                        message = value.get(\"value\") or value.get(\"message\")\n                        if not isinstance(message, str):\n                            value = message\n                            message = message.get(\"message\")\n                    else:\n                        message = value.get(\"message\", None)\n                except ValueError:\n                    pass\n    \n        exception_class: Type[WebDriverException]\n        if status in ErrorCode.NO_SUCH_ELEMENT:\n            exception_class = NoSuchElementException\n        elif status in ErrorCode.NO_SUCH_FRAME:\n            exception_class = NoSuchFrameException\n        elif status in ErrorCode.NO_SUCH_SHADOW_ROOT:\n            exception_class = NoSuchShadowRootException\n        elif status in ErrorCode.NO_SUCH_WINDOW:\n            exception_class = NoSuchWindowException\n        elif status in ErrorCode.STALE_ELEMENT_REFERENCE:\n            exception_class = StaleElementReferenceException\n        elif status in ErrorCode.ELEMENT_NOT_VISIBLE:\n            exception_class = ElementNotVisibleException\n        elif status in ErrorCode.INVALID_ELEMENT_STATE:\n            exception_class = InvalidElementStateException\n        elif (\n            status in ErrorCode.INVALID_SELECTOR\n            or status in ErrorCode.INVALID_XPATH_SELECTOR\n            or status in ErrorCode.INVALID_XPATH_SELECTOR_RETURN_TYPER\n        ):\n            exception_class = InvalidSelectorException\n        elif status in ErrorCode.ELEMENT_IS_NOT_SELECTABLE:\n            exception_class = ElementNotSelectableException\n        elif status in ErrorCode.ELEMENT_NOT_INTERACTABLE:\n            exception_class = ElementNotInteractableException\n        elif status in ErrorCode.INVALID_COOKIE_DOMAIN:\n            exception_class = InvalidCookieDomainException\n        elif status in ErrorCode.UNABLE_TO_SET_COOKIE:\n            exception_class = UnableToSetCookieException\n        elif status in ErrorCode.TIMEOUT:\n            exception_class = TimeoutException\n        elif status in ErrorCode.SCRIPT_TIMEOUT:\n            exception_class = TimeoutException\n        elif status in ErrorCode.UNKNOWN_ERROR:\n            exception_class = WebDriverException\n        elif status in ErrorCode.UNEXPECTED_ALERT_OPEN:\n            exception_class = UnexpectedAlertPresentException\n        elif status in ErrorCode.NO_ALERT_OPEN:\n            exception_class = NoAlertPresentException\n        elif status in ErrorCode.IME_NOT_AVAILABLE:\n            exception_class = ImeNotAvailableException\n        elif status in ErrorCode.IME_ENGINE_ACTIVATION_FAILED:\n            exception_class = ImeActivationFailedException\n        elif status in ErrorCode.MOVE_TARGET_OUT_OF_BOUNDS:\n            exception_class = MoveTargetOutOfBoundsException\n        elif status in ErrorCode.JAVASCRIPT_ERROR:\n            exception_class = JavascriptException\n        elif status in ErrorCode.SESSION_NOT_CREATED:\n            exception_class = SessionNotCreatedException\n        elif status in ErrorCode.INVALID_ARGUMENT:\n            exception_class = InvalidArgumentException\n        elif status in ErrorCode.NO_SUCH_COOKIE:\n            exception_class = NoSuchCookieException\n        elif status in ErrorCode.UNABLE_TO_CAPTURE_SCREEN:\n            exception_class = ScreenshotException\n        elif status in ErrorCode.ELEMENT_CLICK_INTERCEPTED:\n            exception_class = ElementClickInterceptedException\n        elif status in ErrorCode.INSECURE_CERTIFICATE:\n            exception_class = InsecureCertificateException\n        elif status in ErrorCode.INVALID_COORDINATES:\n            exception_class = InvalidCoordinatesException\n        elif status in ErrorCode.INVALID_SESSION_ID:\n            exception_class = InvalidSessionIdException\n        elif status in ErrorCode.UNKNOWN_METHOD:\n            exception_class = UnknownMethodException\n        else:\n            exception_class = WebDriverException\n        if not value:\n            value = response[\"value\"]\n        if isinstance(value, str):\n            raise exception_class(value)\n        if message == \"\" and \"message\" in value:\n            message = value[\"message\"]\n    \n        screen = None  # type: ignore[assignment]\n        if \"screen\" in value:\n            screen = value[\"screen\"]\n    \n        stacktrace = None\n        st_value = value.get(\"stackTrace\") or value.get(\"stacktrace\")\n        if st_value:\n            if isinstance(st_value, str):\n                stacktrace = st_value.split(\"\\n\")\n            else:\n                stacktrace = []\n                try:\n                    for frame in st_value:\n                        line = frame.get(\"lineNumber\", \"\")\n                        file = frame.get(\"fileName\", \"<anonymous>\")\n                        if line:\n                            file = f\"{file}:{line}\"\n                        meth = frame.get(\"methodName\", \"<anonymous>\")\n                        if \"className\" in frame:\n                            meth = f\"{frame['className']}.{meth}\"\n                        msg = \"    at %s (%s)\"\n                        msg = msg % (meth, file)\n                        stacktrace.append(msg)\n                except TypeError:\n                    pass\n        if exception_class == UnexpectedAlertPresentException:\n            alert_text = None\n            if \"data\" in value:\n                alert_text = value[\"data\"].get(\"text\")\n            elif \"alert\" in value:\n                alert_text = value[\"alert\"].get(\"text\")\n            raise exception_class(message, screen, stacktrace, alert_text)  # type: ignore[call-arg]  # mypy is not smart enough here\n>       raise exception_class(message, screen, stacktrace)\nE       selenium.common.exceptions.NoSuchElementException: Message: no such element: Unable to locate element: {\"method\":\"xpath\",\"selector\":\"//h2[normalize-space()='CredKart']\"}\nE         (Session info: chrome=115.0.5790.99); For documentation on this error, please visit: https://www.selenium.dev/documentation/webdriver/troubleshooting/errors#no-such-element-exception\nE       Stacktrace:\nE       Backtrace:\nE       \tGetHandleVerifier [0x0037A813+48355]\nE       \t(No symbol) [0x0030C4B1]\nE       \t(No symbol) [0x00215358]\nE       \t(No symbol) [0x002409A5]\nE       \t(No symbol) [0x00240B3B]\nE       \t(No symbol) [0x0026E232]\nE       \t(No symbol) [0x0025A784]\nE       \t(No symbol) [0x0026C922]\nE       \t(No symbol) [0x0025A536]\nE       \t(No symbol) [0x002382DC]\nE       \t(No symbol) [0x002393DD]\nE       \tGetHandleVerifier [0x005DAABD+2539405]\nE       \tGetHandleVerifier [0x0061A78F+2800735]\nE       \tGetHandleVerifier [0x0061456C+2775612]\nE       \tGetHandleVerifier [0x004051E0+616112]\nE       \t(No symbol) [0x00315F8C]\nE       \t(No symbol) [0x00312328]\nE       \t(No symbol) [0x0031240B]\nE       \t(No symbol) [0x00304FF7]\nE       \tBaseThreadInitThunk [0x76BA00C9+25]\nE       \tRtlGetAppContainerNamedObjectPath [0x77477B1E+286]\nE       \tRtlGetAppContainerNamedObjectPath [0x77477AEE+238]\n\nC:\\Users\\HP\\AppData\\Local\\Programs\\Python\\Python311\\Lib\\site-packages\\selenium\\webdriver\\remote\\errorhandler.py:245: NoSuchElementException\n\nDuring handling of the above exception, another exception occurred:\n\nself = <testCases.test_Login_params.Test_CredKart_Login_params object at 0x0000026F32529A90>\nsetup = <selenium.webdriver.chrome.webdriver.WebDriver (session=\"20303a24f9c58555671138508c550139\")>\ngetDataforLogin = ('Credencetest@test.com', 'Credence@1231')\n\n    def test_CredKart_Login_params_003(self, setup, getDataforLogin):\n        self.driver = setup\n        self.driver.get(\"https://automation.credence.in/login\")\n        self.driver.find_element(By.XPATH, \"//input[@name='email']\").send_keys(getDataforLogin[0])\n        self.driver.find_element(By.CSS_SELECTOR, \"input[id='password']\").send_keys(getDataforLogin[1])\n        self.driver.find_element(By.XPATH, \"//button[@type='submit']\").click()\n        try:\n            self.driver.find_element(By.XPATH, \"//h2[normalize-space()='CredKart']\")\n            print(\"Login TestCase is Passed\")\n            self.driver.save_screenshot(\".\\\\ScreenSHots\\\\\"+getDataforLogin[0]+\"_\"+getDataforLogin[1]+\"_\"+\"test_CredKart_Login_002.PNG\")\n            self.driver.close()\n            assert True\n        except:\n            print(\"Login TestCase is Failed\")\n            self.driver.save_screenshot(\".\\\\ScreenSHots\\\\\"+getDataforLogin[0]+\"_\"+getDataforLogin[1]+\"_\"+\"test_CredKart_Login_002.PNG\")\n            self.driver.close()\n>           assert False\nE           assert False\n\ntestCases\\test_Login_params.py:23: AssertionError"}, "attachments": [{"name": "stdout", "source": "03e02dbe-76bb-49a8-a917-f68db8dad7b2-attachment.txt", "type": "text/plain"}], "parameters": [{"name": "getDataforLogin", "value": "('Credencetest@test.com', 'Credence@1231')"}], "start": 1690943039046, "stop": 1690943044102, "uuid": "d0afa30e-50fb-4ef4-a835-682d18112c41", "historyId": "3f9bddc9339c8b55ac259f62710fc71f", "testCaseId": "8f080cd1488f918ea68530d39de5f40e", "fullName": "testCases.test_Login_params.Test_CredKart_Login_params#test_CredKart_Login_params_003", "labels": [{"name": "parentSuite", "value": "testCases"}, {"name": "suite", "value": "test_Login_params"}, {"name": "subSuite", "value": "Test_CredKart_Login_params"}, {"name": "host", "value": "Tushar-Pc"}, {"name": "thread", "value": "27456-MainThread"}, {"name": "framework", "value": "pytest"}, {"name": "language", "value": "cpython3"}, {"name": "package", "value": "testCases.test_Login_params"}]}