<!DOCTYPE html>
<html>
  <head>
    <meta charset="utf-8"/>
    <title>myreport.html</title>
    <link href="assets/style.css" rel="stylesheet" type="text/css"/></head>
  <body onLoad="init()">
    <script>/* This Source Code Form is subject to the terms of the Mozilla Public
 * License, v. 2.0. If a copy of the MPL was not distributed with this file,
 * You can obtain one at http://mozilla.org/MPL/2.0/. */


function toArray(iter) {
    if (iter === null) {
        return null;
    }
    return Array.prototype.slice.call(iter);
}

function find(selector, elem) { // eslint-disable-line no-redeclare
    if (!elem) {
        elem = document;
    }
    return elem.querySelector(selector);
}

function findAll(selector, elem) {
    if (!elem) {
        elem = document;
    }
    return toArray(elem.querySelectorAll(selector));
}

function sortColumn(elem) {
    toggleSortStates(elem);
    const colIndex = toArray(elem.parentNode.childNodes).indexOf(elem);
    let key;
    if (elem.classList.contains('result')) {
        key = keyResult;
    } else if (elem.classList.contains('links')) {
        key = keyLink;
    } else {
        key = keyAlpha;
    }
    sortTable(elem, key(colIndex));
}

function showAllExtras() { // eslint-disable-line no-unused-vars
    findAll('.col-result').forEach(showExtras);
}

function hideAllExtras() { // eslint-disable-line no-unused-vars
    findAll('.col-result').forEach(hideExtras);
}

function showExtras(colresultElem) {
    const extras = colresultElem.parentNode.nextElementSibling;
    const expandcollapse = colresultElem.firstElementChild;
    extras.classList.remove('collapsed');
    expandcollapse.classList.remove('expander');
    expandcollapse.classList.add('collapser');
}

function hideExtras(colresultElem) {
    const extras = colresultElem.parentNode.nextElementSibling;
    const expandcollapse = colresultElem.firstElementChild;
    extras.classList.add('collapsed');
    expandcollapse.classList.remove('collapser');
    expandcollapse.classList.add('expander');
}

function showFilters() {
    let visibleString = getQueryParameter('visible') || 'all';
    visibleString = visibleString.toLowerCase();
    const checkedItems = visibleString.split(',');

    const filterItems = document.getElementsByClassName('filter');
    for (let i = 0; i < filterItems.length; i++) {
        filterItems[i].hidden = false;

        if (visibleString != 'all') {
            filterItems[i].checked = checkedItems.includes(filterItems[i].getAttribute('data-test-result'));
            filterTable(filterItems[i]);
        }
    }
}

function addCollapse() {
    // Add links for show/hide all
    const resulttable = find('table#results-table');
    const showhideall = document.createElement('p');
    showhideall.innerHTML = '<a href="javascript:showAllExtras()">Show all details</a> / ' +
                            '<a href="javascript:hideAllExtras()">Hide all details</a>';
    resulttable.parentElement.insertBefore(showhideall, resulttable);

    // Add show/hide link to each result
    findAll('.col-result').forEach(function(elem) {
        const collapsed = getQueryParameter('collapsed') || 'Passed';
        const extras = elem.parentNode.nextElementSibling;
        const expandcollapse = document.createElement('span');
        if (extras.classList.contains('collapsed')) {
            expandcollapse.classList.add('expander');
        } else if (collapsed.includes(elem.innerHTML)) {
            extras.classList.add('collapsed');
            expandcollapse.classList.add('expander');
        } else {
            expandcollapse.classList.add('collapser');
        }
        elem.appendChild(expandcollapse);

        elem.addEventListener('click', function(event) {
            if (event.currentTarget.parentNode.nextElementSibling.classList.contains('collapsed')) {
                showExtras(event.currentTarget);
            } else {
                hideExtras(event.currentTarget);
            }
        });
    });
}

function getQueryParameter(name) {
    const match = RegExp('[?&]' + name + '=([^&]*)').exec(window.location.search);
    return match && decodeURIComponent(match[1].replace(/\+/g, ' '));
}

function init () { // eslint-disable-line no-unused-vars
    resetSortHeaders();

    addCollapse();

    showFilters();

    sortColumn(find('.initial-sort'));

    findAll('.sortable').forEach(function(elem) {
        elem.addEventListener('click',
            function() {
                sortColumn(elem);
            }, false);
    });
}

function sortTable(clicked, keyFunc) {
    const rows = findAll('.results-table-row');
    const reversed = !clicked.classList.contains('asc');
    const sortedRows = sort(rows, keyFunc, reversed);
    /* Whole table is removed here because browsers acts much slower
     * when appending existing elements.
     */
    const thead = document.getElementById('results-table-head');
    document.getElementById('results-table').remove();
    const parent = document.createElement('table');
    parent.id = 'results-table';
    parent.appendChild(thead);
    sortedRows.forEach(function(elem) {
        parent.appendChild(elem);
    });
    document.getElementsByTagName('BODY')[0].appendChild(parent);
}

function sort(items, keyFunc, reversed) {
    const sortArray = items.map(function(item, i) {
        return [keyFunc(item), i];
    });

    sortArray.sort(function(a, b) {
        const keyA = a[0];
        const keyB = b[0];

        if (keyA == keyB) return 0;

        if (reversed) {
            return keyA < keyB ? 1 : -1;
        } else {
            return keyA > keyB ? 1 : -1;
        }
    });

    return sortArray.map(function(item) {
        const index = item[1];
        return items[index];
    });
}

function keyAlpha(colIndex) {
    return function(elem) {
        return elem.childNodes[1].childNodes[colIndex].firstChild.data.toLowerCase();
    };
}

function keyLink(colIndex) {
    return function(elem) {
        const dataCell = elem.childNodes[1].childNodes[colIndex].firstChild;
        return dataCell == null ? '' : dataCell.innerText.toLowerCase();
    };
}

function keyResult(colIndex) {
    return function(elem) {
        const strings = ['Error', 'Failed', 'Rerun', 'XFailed', 'XPassed',
            'Skipped', 'Passed'];
        return strings.indexOf(elem.childNodes[1].childNodes[colIndex].firstChild.data);
    };
}

function resetSortHeaders() {
    findAll('.sort-icon').forEach(function(elem) {
        elem.parentNode.removeChild(elem);
    });
    findAll('.sortable').forEach(function(elem) {
        const icon = document.createElement('div');
        icon.className = 'sort-icon';
        icon.textContent = 'vvv';
        elem.insertBefore(icon, elem.firstChild);
        elem.classList.remove('desc', 'active');
        elem.classList.add('asc', 'inactive');
    });
}

function toggleSortStates(elem) {
    //if active, toggle between asc and desc
    if (elem.classList.contains('active')) {
        elem.classList.toggle('asc');
        elem.classList.toggle('desc');
    }

    //if inactive, reset all other functions and add ascending active
    if (elem.classList.contains('inactive')) {
        resetSortHeaders();
        elem.classList.remove('inactive');
        elem.classList.add('active');
    }
}

function isAllRowsHidden(value) {
    return value.hidden == false;
}

function filterTable(elem) { // eslint-disable-line no-unused-vars
    const outcomeAtt = 'data-test-result';
    const outcome = elem.getAttribute(outcomeAtt);
    const classOutcome = outcome + ' results-table-row';
    const outcomeRows = document.getElementsByClassName(classOutcome);

    for(let i = 0; i < outcomeRows.length; i++){
        outcomeRows[i].hidden = !elem.checked;
    }

    const rows = findAll('.results-table-row').filter(isAllRowsHidden);
    const allRowsHidden = rows.length == 0 ? true : false;
    const notFoundMessage = document.getElementById('not-found-message');
    notFoundMessage.hidden = !allRowsHidden;
}
</script>
    <h1>myreport.html</h1>
    <p>Report generated on 02-Aug-2023 at 07:54:14 by <a href="https://pypi.python.org/pypi/pytest-html">pytest-html</a> v3.2.0</p>
    <h2>Environment</h2>
    <table id="environment">
      <tr>
        <td>Batch</td>
        <td>CT#15</td></tr>
      <tr>
        <td>Class</td>
        <td>Credence</td></tr>
      <tr>
        <td>JAVA_HOME</td>
        <td>C:\Program Files\Java\jdk-17</td></tr>
      <tr>
        <td>Packages</td>
        <td>{"pluggy": "1.0.0", "pytest": "7.3.1"}</td></tr>
      <tr>
        <td>Plugins</td>
        <td>{"allure-pytest": "2.13.2", "html": "3.2.0", "metadata": "2.0.4", "xdist": "3.2.1"}</td></tr>
      <tr>
        <td>Python</td>
        <td>3.11.4</td></tr>
      <tr>
        <td>URL</td>
        <td><a href="https://automation.credence.in" target="_blank">https://automation.credence.in</a></td></tr></table>
    <h2>Summary</h2>
    <p>5 tests ran in 46.56 seconds. </p>
    <p class="filter" hidden="true">(Un)check the boxes to filter the results.</p><input checked="true" class="filter" data-test-result="passed" hidden="true" name="filter_checkbox" onChange="filterTable(this)" type="checkbox"/><span class="passed">3 passed</span>, <input checked="true" class="filter" data-test-result="skipped" disabled="true" hidden="true" name="filter_checkbox" onChange="filterTable(this)" type="checkbox"/><span class="skipped">0 skipped</span>, <input checked="true" class="filter" data-test-result="failed" hidden="true" name="filter_checkbox" onChange="filterTable(this)" type="checkbox"/><span class="failed">2 failed</span>, <input checked="true" class="filter" data-test-result="error" hidden="true" name="filter_checkbox" onChange="filterTable(this)" type="checkbox"/><span class="error">1 errors</span>, <input checked="true" class="filter" data-test-result="xfailed" disabled="true" hidden="true" name="filter_checkbox" onChange="filterTable(this)" type="checkbox"/><span class="xfailed">0 expected failures</span>, <input checked="true" class="filter" data-test-result="xpassed" disabled="true" hidden="true" name="filter_checkbox" onChange="filterTable(this)" type="checkbox"/><span class="xpassed">0 unexpected passes</span>
    <h2>Results</h2>
    <table id="results-table">
      <thead id="results-table-head">
        <tr>
          <th class="sortable result initial-sort" col="result">Result</th>
          <th class="sortable" col="name">Test</th>
          <th class="sortable" col="duration">Duration</th>
          <th class="sortable links" col="links">Links</th></tr>
        <tr hidden="true" id="not-found-message">
          <th colspan="4">No results found. Try to check the filters</th></tr></thead>
      <tbody class="error results-table-row">
        <tr>
          <td class="col-result">Error</td>
          <td class="col-name">testCases/test_Login_params.py::Test_CredKart_Login_params::test_CredKart_Login_params_003[getDataforLogin3]::setup</td>
          <td class="col-duration">10.31</td>
          <td class="col-links"></td></tr>
        <tr>
          <td class="extra" colspan="4">
            <div class="log">[gw1] win32 -- Python 3.11.4 C:\Users\HP\AppData\Local\Programs\Python\Python311\python.exe<br/>[gw1] win32 -- Python 3.11.4 C:\Users\HP\AppData\Local\Programs\Python\Python311\python.exe<br/><br/>browser = &#x27;chrome&#x27;<br/><br/>    @pytest.fixture()<br/>    def setup(browser):<br/>        if browser == &#x27;chrome&#x27;:<br/>&gt;           driver = webdriver.Chrome()<br/><br/>testCases\conftest.py:21: <br/>_ _ _ _ _ _ _ _ _ _ _ _ _ _ _ _ _ _ _ _ _ _ _ _ _ _ _ _ _ _ _ _ _ _ _ _ _ _ _ _ <br/>C:\Users\HP\AppData\Local\Programs\Python\Python311\Lib\site-packages\selenium\webdriver\chrome\webdriver.py:49: in __init__<br/>    super().__init__(<br/>C:\Users\HP\AppData\Local\Programs\Python\Python311\Lib\site-packages\selenium\webdriver\chromium\webdriver.py:54: in __init__<br/>    super().__init__(<br/>C:\Users\HP\AppData\Local\Programs\Python\Python311\Lib\site-packages\selenium\webdriver\remote\webdriver.py:206: in __init__<br/>    self.start_session(capabilities)<br/>C:\Users\HP\AppData\Local\Programs\Python\Python311\Lib\site-packages\selenium\webdriver\remote\webdriver.py:291: in start_session<br/>    response = self.execute(Command.NEW_SESSION, caps)[&quot;value&quot;]<br/>C:\Users\HP\AppData\Local\Programs\Python\Python311\Lib\site-packages\selenium\webdriver\remote\webdriver.py:346: in execute<br/>    self.error_handler.check_response(response)<br/>_ _ _ _ _ _ _ _ _ _ _ _ _ _ _ _ _ _ _ _ _ _ _ _ _ _ _ _ _ _ _ _ _ _ _ _ _ _ _ _ <br/><br/>self = &lt;selenium.webdriver.remote.errorhandler.ErrorHandler object at 0x000001525EC4F310&gt;<br/>response = {&#x27;status&#x27;: 500, &#x27;value&#x27;: &#x27;{&quot;value&quot;:{&quot;error&quot;:&quot;session not created&quot;,&quot;message&quot;:&quot;session not created\\nfrom no such execut...\n\\tRtlGetAppContainerNamedObjectPath [0x77477B1E+286]\\n\\tRtlGetAppContainerNamedObjectPath [0x77477AEE+238]\\n&quot;}}&#x27;}<br/><br/>    def check_response(self, response: Dict[str, Any]) -&gt; None:<br/>        &quot;&quot;&quot;Checks that a JSON response from the WebDriver does not have an<br/>        error.<br/>    <br/>        :Args:<br/>         - response - The JSON response from the WebDriver server as a dictionary<br/>           object.<br/>    <br/>        :Raises: If the response contains an error message.<br/>        &quot;&quot;&quot;<br/>        status = response.get(&quot;status&quot;, None)<br/>        if not status or status == ErrorCode.SUCCESS:<br/>            return<br/>        value = None<br/>        message = response.get(&quot;message&quot;, &quot;&quot;)<br/>        screen: str = response.get(&quot;screen&quot;, &quot;&quot;)<br/>        stacktrace = None<br/>        if isinstance(status, int):<br/>            value_json = response.get(&quot;value&quot;, None)<br/>            if value_json and isinstance(value_json, str):<br/>                import json<br/>    <br/>                try:<br/>                    value = json.loads(value_json)<br/>                    if len(value) == 1:<br/>                        value = value[&quot;value&quot;]<br/>                    status = value.get(&quot;error&quot;, None)<br/>                    if not status:<br/>                        status = value.get(&quot;status&quot;, ErrorCode.UNKNOWN_ERROR)<br/>                        message = value.get(&quot;value&quot;) or value.get(&quot;message&quot;)<br/>                        if not isinstance(message, str):<br/>                            value = message<br/>                            message = message.get(&quot;message&quot;)<br/>                    else:<br/>                        message = value.get(&quot;message&quot;, None)<br/>                except ValueError:<br/>                    pass<br/>    <br/>        exception_class: Type[WebDriverException]<br/>        if status in ErrorCode.NO_SUCH_ELEMENT:<br/>            exception_class = NoSuchElementException<br/>        elif status in ErrorCode.NO_SUCH_FRAME:<br/>            exception_class = NoSuchFrameException<br/>        elif status in ErrorCode.NO_SUCH_SHADOW_ROOT:<br/>            exception_class = NoSuchShadowRootException<br/>        elif status in ErrorCode.NO_SUCH_WINDOW:<br/>            exception_class = NoSuchWindowException<br/>        elif status in ErrorCode.STALE_ELEMENT_REFERENCE:<br/>            exception_class = StaleElementReferenceException<br/>        elif status in ErrorCode.ELEMENT_NOT_VISIBLE:<br/>            exception_class = ElementNotVisibleException<br/>        elif status in ErrorCode.INVALID_ELEMENT_STATE:<br/>            exception_class = InvalidElementStateException<br/>        elif (<br/>            status in ErrorCode.INVALID_SELECTOR<br/>            or status in ErrorCode.INVALID_XPATH_SELECTOR<br/>            or status in ErrorCode.INVALID_XPATH_SELECTOR_RETURN_TYPER<br/>        ):<br/>            exception_class = InvalidSelectorException<br/>        elif status in ErrorCode.ELEMENT_IS_NOT_SELECTABLE:<br/>            exception_class = ElementNotSelectableException<br/>        elif status in ErrorCode.ELEMENT_NOT_INTERACTABLE:<br/>            exception_class = ElementNotInteractableException<br/>        elif status in ErrorCode.INVALID_COOKIE_DOMAIN:<br/>            exception_class = InvalidCookieDomainException<br/>        elif status in ErrorCode.UNABLE_TO_SET_COOKIE:<br/>            exception_class = UnableToSetCookieException<br/>        elif status in ErrorCode.TIMEOUT:<br/>            exception_class = TimeoutException<br/>        elif status in ErrorCode.SCRIPT_TIMEOUT:<br/>            exception_class = TimeoutException<br/>        elif status in ErrorCode.UNKNOWN_ERROR:<br/>            exception_class = WebDriverException<br/>        elif status in ErrorCode.UNEXPECTED_ALERT_OPEN:<br/>            exception_class = UnexpectedAlertPresentException<br/>        elif status in ErrorCode.NO_ALERT_OPEN:<br/>            exception_class = NoAlertPresentException<br/>        elif status in ErrorCode.IME_NOT_AVAILABLE:<br/>            exception_class = ImeNotAvailableException<br/>        elif status in ErrorCode.IME_ENGINE_ACTIVATION_FAILED:<br/>            exception_class = ImeActivationFailedException<br/>        elif status in ErrorCode.MOVE_TARGET_OUT_OF_BOUNDS:<br/>            exception_class = MoveTargetOutOfBoundsException<br/>        elif status in ErrorCode.JAVASCRIPT_ERROR:<br/>            exception_class = JavascriptException<br/>        elif status in ErrorCode.SESSION_NOT_CREATED:<br/>            exception_class = SessionNotCreatedException<br/>        elif status in ErrorCode.INVALID_ARGUMENT:<br/>            exception_class = InvalidArgumentException<br/>        elif status in ErrorCode.NO_SUCH_COOKIE:<br/>            exception_class = NoSuchCookieException<br/>        elif status in ErrorCode.UNABLE_TO_CAPTURE_SCREEN:<br/>            exception_class = ScreenshotException<br/>        elif status in ErrorCode.ELEMENT_CLICK_INTERCEPTED:<br/>            exception_class = ElementClickInterceptedException<br/>        elif status in ErrorCode.INSECURE_CERTIFICATE:<br/>            exception_class = InsecureCertificateException<br/>        elif status in ErrorCode.INVALID_COORDINATES:<br/>            exception_class = InvalidCoordinatesException<br/>        elif status in ErrorCode.INVALID_SESSION_ID:<br/>            exception_class = InvalidSessionIdException<br/>        elif status in ErrorCode.UNKNOWN_METHOD:<br/>            exception_class = UnknownMethodException<br/>        else:<br/>            exception_class = WebDriverException<br/>        if not value:<br/>            value = response[&quot;value&quot;]<br/>        if isinstance(value, str):<br/>            raise exception_class(value)<br/>        if message == &quot;&quot; and &quot;message&quot; in value:<br/>            message = value[&quot;message&quot;]<br/>    <br/>        screen = None  # type: ignore[assignment]<br/>        if &quot;screen&quot; in value:<br/>            screen = value[&quot;screen&quot;]<br/>    <br/>        stacktrace = None<br/>        st_value = value.get(&quot;stackTrace&quot;) or value.get(&quot;stacktrace&quot;)<br/>        if st_value:<br/>            if isinstance(st_value, str):<br/>                stacktrace = st_value.split(&quot;\n&quot;)<br/>            else:<br/>                stacktrace = []<br/>                try:<br/>                    for frame in st_value:<br/>                        line = frame.get(&quot;lineNumber&quot;, &quot;&quot;)<br/>                        file = frame.get(&quot;fileName&quot;, &quot;&lt;anonymous&gt;&quot;)<br/>                        if line:<br/>                            file = f&quot;{file}:{line}&quot;<br/>                        meth = frame.get(&quot;methodName&quot;, &quot;&lt;anonymous&gt;&quot;)<br/>                        if &quot;className&quot; in frame:<br/>                            meth = f&quot;{frame[&#x27;className&#x27;]}.{meth}&quot;<br/>                        msg = &quot;    at %s (%s)&quot;<br/>                        msg = msg % (meth, file)<br/>                        stacktrace.append(msg)<br/>                except TypeError:<br/>                    pass<br/>        if exception_class == UnexpectedAlertPresentException:<br/>            alert_text = None<br/>            if &quot;data&quot; in value:<br/>                alert_text = value[&quot;data&quot;].get(&quot;text&quot;)<br/>            elif &quot;alert&quot; in value:<br/>                alert_text = value[&quot;alert&quot;].get(&quot;text&quot;)<br/>            raise exception_class(message, screen, stacktrace, alert_text)  # type: ignore[call-arg]  # mypy is not smart enough here<br/>&gt;       raise exception_class(message, screen, stacktrace)<br/><span class="error">E       selenium.common.exceptions.SessionNotCreatedException: Message: session not created</span><br/><span class="error">E       from no such execution context: loader has changed while resolving nodes</span><br/><span class="error">E         (Session info: chrome=115.0.5790.99)</span><br/><span class="error">E       Stacktrace:</span><br/><span class="error">E       Backtrace:</span><br/><span class="error">E       	GetHandleVerifier [0x0037A813+48355]</span><br/><span class="error">E       	(No symbol) [0x0030C4B1]</span><br/><span class="error">E       	(No symbol) [0x00215358]</span><br/><span class="error">E       	(No symbol) [0x00217D86]</span><br/><span class="error">E       	(No symbol) [0x002199E1]</span><br/><span class="error">E       	(No symbol) [0x00219A80]</span><br/><span class="error">E       	(No symbol) [0x00261F1B]</span><br/><span class="error">E       	(No symbol) [0x0026093C]</span><br/><span class="error">E       	(No symbol) [0x0025A536]</span><br/><span class="error">E       	(No symbol) [0x002382DC]</span><br/><span class="error">E       	(No symbol) [0x002393DD]</span><br/><span class="error">E       	GetHandleVerifier [0x005DAABD+2539405]</span><br/><span class="error">E       	GetHandleVerifier [0x0061A78F+2800735]</span><br/><span class="error">E       	GetHandleVerifier [0x0061456C+2775612]</span><br/><span class="error">E       	GetHandleVerifier [0x004051E0+616112]</span><br/><span class="error">E       	(No symbol) [0x00315F8C]</span><br/><span class="error">E       	(No symbol) [0x00312328]</span><br/><span class="error">E       	(No symbol) [0x0031240B]</span><br/><span class="error">E       	(No symbol) [0x00304FF7]</span><br/><span class="error">E       	BaseThreadInitThunk [0x76BA00C9+25]</span><br/><span class="error">E       	RtlGetAppContainerNamedObjectPath [0x77477B1E+286]</span><br/><span class="error">E       	RtlGetAppContainerNamedObjectPath [0x77477AEE+238]</span><br/><br/>C:\Users\HP\AppData\Local\Programs\Python\Python311\Lib\site-packages\selenium\webdriver\remote\errorhandler.py:245: SessionNotCreatedException[gw1] win32 -- Python 3.11.4 C:\Users\HP\AppData\Local\Programs\Python\Python311\python.exe<br/></div></td></tr></tbody>
      <tbody class="failed results-table-row">
        <tr>
          <td class="col-result">Failed</td>
          <td class="col-name">testCases/test_Login_params.py::Test_CredKart_Login_params::test_CredKart_Login_params_003[getDataforLogin1]</td>
          <td class="col-duration">14.27</td>
          <td class="col-links"></td></tr>
        <tr>
          <td class="extra" colspan="4">
            <div class="log">[gw1] win32 -- Python 3.11.4 C:\Users\HP\AppData\Local\Programs\Python\Python311\python.exe<br/>[gw1] win32 -- Python 3.11.4 C:\Users\HP\AppData\Local\Programs\Python\Python311\python.exe[gw1] win32 -- Python 3.11.4 C:\Users\HP\AppData\Local\Programs\Python\Python311\python.exe<br/><br/>self = &lt;testCases.test_Login_params.Test_CredKart_Login_params object at 0x000001525EBCB490&gt;<br/>setup = &lt;selenium.webdriver.chrome.webdriver.WebDriver (session=&quot;f41ed2d2e5c35fb9db06b0580ac6a8d5&quot;)&gt;<br/>getDataforLogin = (&#x27;Credencetest@test.com1&#x27;, &#x27;Credence@123&#x27;)<br/><br/>    def test_CredKart_Login_params_003(self, setup, getDataforLogin):<br/>        self.driver = setup<br/>        self.driver.get(&quot;https://automation.credence.in/login&quot;)<br/>        self.driver.find_element(By.XPATH, &quot;//input[@name=&#x27;email&#x27;]&quot;).send_keys(getDataforLogin[0])<br/>        self.driver.find_element(By.CSS_SELECTOR, &quot;input[id=&#x27;password&#x27;]&quot;).send_keys(getDataforLogin[1])<br/>        self.driver.find_element(By.XPATH, &quot;//button[@type=&#x27;submit&#x27;]&quot;).click()<br/>        try:<br/>&gt;           self.driver.find_element(By.XPATH, &quot;//h2[normalize-space()=&#x27;CredKart&#x27;]&quot;)<br/><br/>testCases\test_Login_params.py:14: <br/>_ _ _ _ _ _ _ _ _ _ _ _ _ _ _ _ _ _ _ _ _ _ _ _ _ _ _ _ _ _ _ _ _ _ _ _ _ _ _ _ <br/><br/>self = &lt;selenium.webdriver.chrome.webdriver.WebDriver (session=&quot;f41ed2d2e5c35fb9db06b0580ac6a8d5&quot;)&gt;, by = &#x27;xpath&#x27;<br/>value = &quot;//h2[normalize-space()=&#x27;CredKart&#x27;]&quot;<br/><br/>    def find_element(self, by=By.ID, value: Optional[str] = None) -&gt; WebElement:<br/>        &quot;&quot;&quot;Find an element given a By strategy and locator.<br/>    <br/>        :Usage:<br/>            ::<br/>    <br/>                element = driver.find_element(By.ID, &#x27;foo&#x27;)<br/>    <br/>        :rtype: WebElement<br/>        &quot;&quot;&quot;<br/>        if isinstance(by, RelativeBy):<br/>            elements = self.find_elements(by=by, value=value)<br/>            if not elements:<br/>                raise NoSuchElementException(f&quot;Cannot locate relative element with: {by.root}&quot;)<br/>            return elements[0]<br/>    <br/>        if by == By.ID:<br/>            by = By.CSS_SELECTOR<br/>            value = f&#x27;[id=&quot;{value}&quot;]&#x27;<br/>        elif by == By.CLASS_NAME:<br/>            by = By.CSS_SELECTOR<br/>            value = f&quot;.{value}&quot;<br/>        elif by == By.NAME:<br/>            by = By.CSS_SELECTOR<br/>            value = f&#x27;[name=&quot;{value}&quot;]&#x27;<br/>    <br/>&gt;       return self.execute(Command.FIND_ELEMENT, {&quot;using&quot;: by, &quot;value&quot;: value})[&quot;value&quot;]<br/><br/>C:\Users\HP\AppData\Local\Programs\Python\Python311\Lib\site-packages\selenium\webdriver\remote\webdriver.py:740: <br/>_ _ _ _ _ _ _ _ _ _ _ _ _ _ _ _ _ _ _ _ _ _ _ _ _ _ _ _ _ _ _ _ _ _ _ _ _ _ _ _ <br/><br/>self = &lt;selenium.webdriver.chrome.webdriver.WebDriver (session=&quot;f41ed2d2e5c35fb9db06b0580ac6a8d5&quot;)&gt;, driver_command = &#x27;findElement&#x27;<br/>params = {&#x27;using&#x27;: &#x27;xpath&#x27;, &#x27;value&#x27;: &quot;//h2[normalize-space()=&#x27;CredKart&#x27;]&quot;}<br/><br/>    def execute(self, driver_command: str, params: dict = None) -&gt; dict:<br/>        &quot;&quot;&quot;Sends a command to be executed by a command.CommandExecutor.<br/>    <br/>        :Args:<br/>         - driver_command: The name of the command to execute as a string.<br/>         - params: A dictionary of named parameters to send with the command.<br/>    <br/>        :Returns:<br/>          The command&#x27;s JSON response loaded into a dictionary object.<br/>        &quot;&quot;&quot;<br/>        params = self._wrap_value(params)<br/>    <br/>        if self.session_id:<br/>            if not params:<br/>                params = {&quot;sessionId&quot;: self.session_id}<br/>            elif &quot;sessionId&quot; not in params:<br/>                params[&quot;sessionId&quot;] = self.session_id<br/>    <br/>        response = self.command_executor.execute(driver_command, params)<br/>        if response:<br/>&gt;           self.error_handler.check_response(response)<br/><br/>C:\Users\HP\AppData\Local\Programs\Python\Python311\Lib\site-packages\selenium\webdriver\remote\webdriver.py:346: <br/>_ _ _ _ _ _ _ _ _ _ _ _ _ _ _ _ _ _ _ _ _ _ _ _ _ _ _ _ _ _ _ _ _ _ _ _ _ _ _ _ <br/><br/>self = &lt;selenium.webdriver.remote.errorhandler.ErrorHandler object at 0x000001525EBD9690&gt;<br/>response = {&#x27;status&#x27;: 404, &#x27;value&#x27;: &#x27;{&quot;value&quot;:{&quot;error&quot;:&quot;no such element&quot;,&quot;message&quot;:&quot;no such element: Unable to locate element: {\...\n\\tRtlGetAppContainerNamedObjectPath [0x77477B1E+286]\\n\\tRtlGetAppContainerNamedObjectPath [0x77477AEE+238]\\n&quot;}}&#x27;}<br/><br/>    def check_response(self, response: Dict[str, Any]) -&gt; None:<br/>        &quot;&quot;&quot;Checks that a JSON response from the WebDriver does not have an<br/>        error.<br/>    <br/>        :Args:<br/>         - response - The JSON response from the WebDriver server as a dictionary<br/>           object.<br/>    <br/>        :Raises: If the response contains an error message.<br/>        &quot;&quot;&quot;<br/>        status = response.get(&quot;status&quot;, None)<br/>        if not status or status == ErrorCode.SUCCESS:<br/>            return<br/>        value = None<br/>        message = response.get(&quot;message&quot;, &quot;&quot;)<br/>        screen: str = response.get(&quot;screen&quot;, &quot;&quot;)<br/>        stacktrace = None<br/>        if isinstance(status, int):<br/>            value_json = response.get(&quot;value&quot;, None)<br/>            if value_json and isinstance(value_json, str):<br/>                import json<br/>    <br/>                try:<br/>                    value = json.loads(value_json)<br/>                    if len(value) == 1:<br/>                        value = value[&quot;value&quot;]<br/>                    status = value.get(&quot;error&quot;, None)<br/>                    if not status:<br/>                        status = value.get(&quot;status&quot;, ErrorCode.UNKNOWN_ERROR)<br/>                        message = value.get(&quot;value&quot;) or value.get(&quot;message&quot;)<br/>                        if not isinstance(message, str):<br/>                            value = message<br/>                            message = message.get(&quot;message&quot;)<br/>                    else:<br/>                        message = value.get(&quot;message&quot;, None)<br/>                except ValueError:<br/>                    pass<br/>    <br/>        exception_class: Type[WebDriverException]<br/>        if status in ErrorCode.NO_SUCH_ELEMENT:<br/>            exception_class = NoSuchElementException<br/>        elif status in ErrorCode.NO_SUCH_FRAME:<br/>            exception_class = NoSuchFrameException<br/>        elif status in ErrorCode.NO_SUCH_SHADOW_ROOT:<br/>            exception_class = NoSuchShadowRootException<br/>        elif status in ErrorCode.NO_SUCH_WINDOW:<br/>            exception_class = NoSuchWindowException<br/>        elif status in ErrorCode.STALE_ELEMENT_REFERENCE:<br/>            exception_class = StaleElementReferenceException<br/>        elif status in ErrorCode.ELEMENT_NOT_VISIBLE:<br/>            exception_class = ElementNotVisibleException<br/>        elif status in ErrorCode.INVALID_ELEMENT_STATE:<br/>            exception_class = InvalidElementStateException<br/>        elif (<br/>            status in ErrorCode.INVALID_SELECTOR<br/>            or status in ErrorCode.INVALID_XPATH_SELECTOR<br/>            or status in ErrorCode.INVALID_XPATH_SELECTOR_RETURN_TYPER<br/>        ):<br/>            exception_class = InvalidSelectorException<br/>        elif status in ErrorCode.ELEMENT_IS_NOT_SELECTABLE:<br/>            exception_class = ElementNotSelectableException<br/>        elif status in ErrorCode.ELEMENT_NOT_INTERACTABLE:<br/>            exception_class = ElementNotInteractableException<br/>        elif status in ErrorCode.INVALID_COOKIE_DOMAIN:<br/>            exception_class = InvalidCookieDomainException<br/>        elif status in ErrorCode.UNABLE_TO_SET_COOKIE:<br/>            exception_class = UnableToSetCookieException<br/>        elif status in ErrorCode.TIMEOUT:<br/>            exception_class = TimeoutException<br/>        elif status in ErrorCode.SCRIPT_TIMEOUT:<br/>            exception_class = TimeoutException<br/>        elif status in ErrorCode.UNKNOWN_ERROR:<br/>            exception_class = WebDriverException<br/>        elif status in ErrorCode.UNEXPECTED_ALERT_OPEN:<br/>            exception_class = UnexpectedAlertPresentException<br/>        elif status in ErrorCode.NO_ALERT_OPEN:<br/>            exception_class = NoAlertPresentException<br/>        elif status in ErrorCode.IME_NOT_AVAILABLE:<br/>            exception_class = ImeNotAvailableException<br/>        elif status in ErrorCode.IME_ENGINE_ACTIVATION_FAILED:<br/>            exception_class = ImeActivationFailedException<br/>        elif status in ErrorCode.MOVE_TARGET_OUT_OF_BOUNDS:<br/>            exception_class = MoveTargetOutOfBoundsException<br/>        elif status in ErrorCode.JAVASCRIPT_ERROR:<br/>            exception_class = JavascriptException<br/>        elif status in ErrorCode.SESSION_NOT_CREATED:<br/>            exception_class = SessionNotCreatedException<br/>        elif status in ErrorCode.INVALID_ARGUMENT:<br/>            exception_class = InvalidArgumentException<br/>        elif status in ErrorCode.NO_SUCH_COOKIE:<br/>            exception_class = NoSuchCookieException<br/>        elif status in ErrorCode.UNABLE_TO_CAPTURE_SCREEN:<br/>            exception_class = ScreenshotException<br/>        elif status in ErrorCode.ELEMENT_CLICK_INTERCEPTED:<br/>            exception_class = ElementClickInterceptedException<br/>        elif status in ErrorCode.INSECURE_CERTIFICATE:<br/>            exception_class = InsecureCertificateException<br/>        elif status in ErrorCode.INVALID_COORDINATES:<br/>            exception_class = InvalidCoordinatesException<br/>        elif status in ErrorCode.INVALID_SESSION_ID:<br/>            exception_class = InvalidSessionIdException<br/>        elif status in ErrorCode.UNKNOWN_METHOD:<br/>            exception_class = UnknownMethodException<br/>        else:<br/>            exception_class = WebDriverException<br/>        if not value:<br/>            value = response[&quot;value&quot;]<br/>        if isinstance(value, str):<br/>            raise exception_class(value)<br/>        if message == &quot;&quot; and &quot;message&quot; in value:<br/>            message = value[&quot;message&quot;]<br/>    <br/>        screen = None  # type: ignore[assignment]<br/>        if &quot;screen&quot; in value:<br/>            screen = value[&quot;screen&quot;]<br/>    <br/>        stacktrace = None<br/>        st_value = value.get(&quot;stackTrace&quot;) or value.get(&quot;stacktrace&quot;)<br/>        if st_value:<br/>            if isinstance(st_value, str):<br/>                stacktrace = st_value.split(&quot;\n&quot;)<br/>            else:<br/>                stacktrace = []<br/>                try:<br/>                    for frame in st_value:<br/>                        line = frame.get(&quot;lineNumber&quot;, &quot;&quot;)<br/>                        file = frame.get(&quot;fileName&quot;, &quot;&lt;anonymous&gt;&quot;)<br/>                        if line:<br/>                            file = f&quot;{file}:{line}&quot;<br/>                        meth = frame.get(&quot;methodName&quot;, &quot;&lt;anonymous&gt;&quot;)<br/>                        if &quot;className&quot; in frame:<br/>                            meth = f&quot;{frame[&#x27;className&#x27;]}.{meth}&quot;<br/>                        msg = &quot;    at %s (%s)&quot;<br/>                        msg = msg % (meth, file)<br/>                        stacktrace.append(msg)<br/>                except TypeError:<br/>                    pass<br/>        if exception_class == UnexpectedAlertPresentException:<br/>            alert_text = None<br/>            if &quot;data&quot; in value:<br/>                alert_text = value[&quot;data&quot;].get(&quot;text&quot;)<br/>            elif &quot;alert&quot; in value:<br/>                alert_text = value[&quot;alert&quot;].get(&quot;text&quot;)<br/>            raise exception_class(message, screen, stacktrace, alert_text)  # type: ignore[call-arg]  # mypy is not smart enough here<br/>&gt;       raise exception_class(message, screen, stacktrace)<br/><span class="error">E       selenium.common.exceptions.NoSuchElementException: Message: no such element: Unable to locate element: {&quot;method&quot;:&quot;xpath&quot;,&quot;selector&quot;:&quot;//h2[normalize-space()=&#x27;CredKart&#x27;]&quot;}</span><br/><span class="error">E         (Session info: chrome=115.0.5790.99); For documentation on this error, please visit: https://www.selenium.dev/documentation/webdriver/troubleshooting/errors#no-such-element-exception</span><br/><span class="error">E       Stacktrace:</span><br/><span class="error">E       Backtrace:</span><br/><span class="error">E       	GetHandleVerifier [0x0037A813+48355]</span><br/><span class="error">E       	(No symbol) [0x0030C4B1]</span><br/><span class="error">E       	(No symbol) [0x00215358]</span><br/><span class="error">E       	(No symbol) [0x002409A5]</span><br/><span class="error">E       	(No symbol) [0x00240B3B]</span><br/><span class="error">E       	(No symbol) [0x0026E232]</span><br/><span class="error">E       	(No symbol) [0x0025A784]</span><br/><span class="error">E       	(No symbol) [0x0026C922]</span><br/><span class="error">E       	(No symbol) [0x0025A536]</span><br/><span class="error">E       	(No symbol) [0x002382DC]</span><br/><span class="error">E       	(No symbol) [0x002393DD]</span><br/><span class="error">E       	GetHandleVerifier [0x005DAABD+2539405]</span><br/><span class="error">E       	GetHandleVerifier [0x0061A78F+2800735]</span><br/><span class="error">E       	GetHandleVerifier [0x0061456C+2775612]</span><br/><span class="error">E       	GetHandleVerifier [0x004051E0+616112]</span><br/><span class="error">E       	(No symbol) [0x00315F8C]</span><br/><span class="error">E       	(No symbol) [0x00312328]</span><br/><span class="error">E       	(No symbol) [0x0031240B]</span><br/><span class="error">E       	(No symbol) [0x00304FF7]</span><br/><span class="error">E       	BaseThreadInitThunk [0x76BA00C9+25]</span><br/><span class="error">E       	RtlGetAppContainerNamedObjectPath [0x77477B1E+286]</span><br/><span class="error">E       	RtlGetAppContainerNamedObjectPath [0x77477AEE+238]</span><br/><br/>C:\Users\HP\AppData\Local\Programs\Python\Python311\Lib\site-packages\selenium\webdriver\remote\errorhandler.py:245: NoSuchElementException<br/><br/>During handling of the above exception, another exception occurred:<br/><br/>self = &lt;testCases.test_Login_params.Test_CredKart_Login_params object at 0x000001525EBCB490&gt;<br/>setup = &lt;selenium.webdriver.chrome.webdriver.WebDriver (session=&quot;f41ed2d2e5c35fb9db06b0580ac6a8d5&quot;)&gt;<br/>getDataforLogin = (&#x27;Credencetest@test.com1&#x27;, &#x27;Credence@123&#x27;)<br/><br/>    def test_CredKart_Login_params_003(self, setup, getDataforLogin):<br/>        self.driver = setup<br/>        self.driver.get(&quot;https://automation.credence.in/login&quot;)<br/>        self.driver.find_element(By.XPATH, &quot;//input[@name=&#x27;email&#x27;]&quot;).send_keys(getDataforLogin[0])<br/>        self.driver.find_element(By.CSS_SELECTOR, &quot;input[id=&#x27;password&#x27;]&quot;).send_keys(getDataforLogin[1])<br/>        self.driver.find_element(By.XPATH, &quot;//button[@type=&#x27;submit&#x27;]&quot;).click()<br/>        try:<br/>            self.driver.find_element(By.XPATH, &quot;//h2[normalize-space()=&#x27;CredKart&#x27;]&quot;)<br/>            print(&quot;Login TestCase is Passed&quot;)<br/>            self.driver.save_screenshot(&quot;.\\ScreenSHots\\&quot;+getDataforLogin[0]+&quot;_&quot;+getDataforLogin[1]+&quot;_&quot;+&quot;test_CredKart_Login_002.PNG&quot;)<br/>            self.driver.close()<br/>            assert True<br/>        except:<br/>            print(&quot;Login TestCase is Failed&quot;)<br/>            self.driver.save_screenshot(&quot;.\\ScreenSHots\\&quot;+getDataforLogin[0]+&quot;_&quot;+getDataforLogin[1]+&quot;_&quot;+&quot;test_CredKart_Login_002.PNG&quot;)<br/>            self.driver.close()<br/>&gt;           assert False<br/><span class="error">E           assert False</span><br/><br/>testCases\test_Login_params.py:23: AssertionError[gw1] win32 -- Python 3.11.4 C:\Users\HP\AppData\Local\Programs\Python\Python311\python.exe<br/> -----------------------------Captured stdout setup------------------------------ <br/>Launching Chrome 
<br/> ------------------------------Captured stdout call------------------------------ <br/>Login TestCase is Failed
<br/></div></td></tr></tbody>
      <tbody class="failed results-table-row">
        <tr>
          <td class="col-result">Failed</td>
          <td class="col-name">testCases/test_Login_params.py::Test_CredKart_Login_params::test_CredKart_Login_params_003[getDataforLogin2]</td>
          <td class="col-duration">12.34</td>
          <td class="col-links"></td></tr>
        <tr>
          <td class="extra" colspan="4">
            <div class="log">[gw0] win32 -- Python 3.11.4 C:\Users\HP\AppData\Local\Programs\Python\Python311\python.exe<br/>[gw0] win32 -- Python 3.11.4 C:\Users\HP\AppData\Local\Programs\Python\Python311\python.exe[gw0] win32 -- Python 3.11.4 C:\Users\HP\AppData\Local\Programs\Python\Python311\python.exe<br/><br/>self = &lt;testCases.test_Login_params.Test_CredKart_Login_params object at 0x0000026F32529A90&gt;<br/>setup = &lt;selenium.webdriver.chrome.webdriver.WebDriver (session=&quot;20303a24f9c58555671138508c550139&quot;)&gt;<br/>getDataforLogin = (&#x27;Credencetest@test.com&#x27;, &#x27;Credence@1231&#x27;)<br/><br/>    def test_CredKart_Login_params_003(self, setup, getDataforLogin):<br/>        self.driver = setup<br/>        self.driver.get(&quot;https://automation.credence.in/login&quot;)<br/>        self.driver.find_element(By.XPATH, &quot;//input[@name=&#x27;email&#x27;]&quot;).send_keys(getDataforLogin[0])<br/>        self.driver.find_element(By.CSS_SELECTOR, &quot;input[id=&#x27;password&#x27;]&quot;).send_keys(getDataforLogin[1])<br/>        self.driver.find_element(By.XPATH, &quot;//button[@type=&#x27;submit&#x27;]&quot;).click()<br/>        try:<br/>&gt;           self.driver.find_element(By.XPATH, &quot;//h2[normalize-space()=&#x27;CredKart&#x27;]&quot;)<br/><br/>testCases\test_Login_params.py:14: <br/>_ _ _ _ _ _ _ _ _ _ _ _ _ _ _ _ _ _ _ _ _ _ _ _ _ _ _ _ _ _ _ _ _ _ _ _ _ _ _ _ <br/><br/>self = &lt;selenium.webdriver.chrome.webdriver.WebDriver (session=&quot;20303a24f9c58555671138508c550139&quot;)&gt;, by = &#x27;xpath&#x27;<br/>value = &quot;//h2[normalize-space()=&#x27;CredKart&#x27;]&quot;<br/><br/>    def find_element(self, by=By.ID, value: Optional[str] = None) -&gt; WebElement:<br/>        &quot;&quot;&quot;Find an element given a By strategy and locator.<br/>    <br/>        :Usage:<br/>            ::<br/>    <br/>                element = driver.find_element(By.ID, &#x27;foo&#x27;)<br/>    <br/>        :rtype: WebElement<br/>        &quot;&quot;&quot;<br/>        if isinstance(by, RelativeBy):<br/>            elements = self.find_elements(by=by, value=value)<br/>            if not elements:<br/>                raise NoSuchElementException(f&quot;Cannot locate relative element with: {by.root}&quot;)<br/>            return elements[0]<br/>    <br/>        if by == By.ID:<br/>            by = By.CSS_SELECTOR<br/>            value = f&#x27;[id=&quot;{value}&quot;]&#x27;<br/>        elif by == By.CLASS_NAME:<br/>            by = By.CSS_SELECTOR<br/>            value = f&quot;.{value}&quot;<br/>        elif by == By.NAME:<br/>            by = By.CSS_SELECTOR<br/>            value = f&#x27;[name=&quot;{value}&quot;]&#x27;<br/>    <br/>&gt;       return self.execute(Command.FIND_ELEMENT, {&quot;using&quot;: by, &quot;value&quot;: value})[&quot;value&quot;]<br/><br/>C:\Users\HP\AppData\Local\Programs\Python\Python311\Lib\site-packages\selenium\webdriver\remote\webdriver.py:740: <br/>_ _ _ _ _ _ _ _ _ _ _ _ _ _ _ _ _ _ _ _ _ _ _ _ _ _ _ _ _ _ _ _ _ _ _ _ _ _ _ _ <br/><br/>self = &lt;selenium.webdriver.chrome.webdriver.WebDriver (session=&quot;20303a24f9c58555671138508c550139&quot;)&gt;, driver_command = &#x27;findElement&#x27;<br/>params = {&#x27;using&#x27;: &#x27;xpath&#x27;, &#x27;value&#x27;: &quot;//h2[normalize-space()=&#x27;CredKart&#x27;]&quot;}<br/><br/>    def execute(self, driver_command: str, params: dict = None) -&gt; dict:<br/>        &quot;&quot;&quot;Sends a command to be executed by a command.CommandExecutor.<br/>    <br/>        :Args:<br/>         - driver_command: The name of the command to execute as a string.<br/>         - params: A dictionary of named parameters to send with the command.<br/>    <br/>        :Returns:<br/>          The command&#x27;s JSON response loaded into a dictionary object.<br/>        &quot;&quot;&quot;<br/>        params = self._wrap_value(params)<br/>    <br/>        if self.session_id:<br/>            if not params:<br/>                params = {&quot;sessionId&quot;: self.session_id}<br/>            elif &quot;sessionId&quot; not in params:<br/>                params[&quot;sessionId&quot;] = self.session_id<br/>    <br/>        response = self.command_executor.execute(driver_command, params)<br/>        if response:<br/>&gt;           self.error_handler.check_response(response)<br/><br/>C:\Users\HP\AppData\Local\Programs\Python\Python311\Lib\site-packages\selenium\webdriver\remote\webdriver.py:346: <br/>_ _ _ _ _ _ _ _ _ _ _ _ _ _ _ _ _ _ _ _ _ _ _ _ _ _ _ _ _ _ _ _ _ _ _ _ _ _ _ _ <br/><br/>self = &lt;selenium.webdriver.remote.errorhandler.ErrorHandler object at 0x0000026F32558490&gt;<br/>response = {&#x27;status&#x27;: 404, &#x27;value&#x27;: &#x27;{&quot;value&quot;:{&quot;error&quot;:&quot;no such element&quot;,&quot;message&quot;:&quot;no such element: Unable to locate element: {\...\n\\tRtlGetAppContainerNamedObjectPath [0x77477B1E+286]\\n\\tRtlGetAppContainerNamedObjectPath [0x77477AEE+238]\\n&quot;}}&#x27;}<br/><br/>    def check_response(self, response: Dict[str, Any]) -&gt; None:<br/>        &quot;&quot;&quot;Checks that a JSON response from the WebDriver does not have an<br/>        error.<br/>    <br/>        :Args:<br/>         - response - The JSON response from the WebDriver server as a dictionary<br/>           object.<br/>    <br/>        :Raises: If the response contains an error message.<br/>        &quot;&quot;&quot;<br/>        status = response.get(&quot;status&quot;, None)<br/>        if not status or status == ErrorCode.SUCCESS:<br/>            return<br/>        value = None<br/>        message = response.get(&quot;message&quot;, &quot;&quot;)<br/>        screen: str = response.get(&quot;screen&quot;, &quot;&quot;)<br/>        stacktrace = None<br/>        if isinstance(status, int):<br/>            value_json = response.get(&quot;value&quot;, None)<br/>            if value_json and isinstance(value_json, str):<br/>                import json<br/>    <br/>                try:<br/>                    value = json.loads(value_json)<br/>                    if len(value) == 1:<br/>                        value = value[&quot;value&quot;]<br/>                    status = value.get(&quot;error&quot;, None)<br/>                    if not status:<br/>                        status = value.get(&quot;status&quot;, ErrorCode.UNKNOWN_ERROR)<br/>                        message = value.get(&quot;value&quot;) or value.get(&quot;message&quot;)<br/>                        if not isinstance(message, str):<br/>                            value = message<br/>                            message = message.get(&quot;message&quot;)<br/>                    else:<br/>                        message = value.get(&quot;message&quot;, None)<br/>                except ValueError:<br/>                    pass<br/>    <br/>        exception_class: Type[WebDriverException]<br/>        if status in ErrorCode.NO_SUCH_ELEMENT:<br/>            exception_class = NoSuchElementException<br/>        elif status in ErrorCode.NO_SUCH_FRAME:<br/>            exception_class = NoSuchFrameException<br/>        elif status in ErrorCode.NO_SUCH_SHADOW_ROOT:<br/>            exception_class = NoSuchShadowRootException<br/>        elif status in ErrorCode.NO_SUCH_WINDOW:<br/>            exception_class = NoSuchWindowException<br/>        elif status in ErrorCode.STALE_ELEMENT_REFERENCE:<br/>            exception_class = StaleElementReferenceException<br/>        elif status in ErrorCode.ELEMENT_NOT_VISIBLE:<br/>            exception_class = ElementNotVisibleException<br/>        elif status in ErrorCode.INVALID_ELEMENT_STATE:<br/>            exception_class = InvalidElementStateException<br/>        elif (<br/>            status in ErrorCode.INVALID_SELECTOR<br/>            or status in ErrorCode.INVALID_XPATH_SELECTOR<br/>            or status in ErrorCode.INVALID_XPATH_SELECTOR_RETURN_TYPER<br/>        ):<br/>            exception_class = InvalidSelectorException<br/>        elif status in ErrorCode.ELEMENT_IS_NOT_SELECTABLE:<br/>            exception_class = ElementNotSelectableException<br/>        elif status in ErrorCode.ELEMENT_NOT_INTERACTABLE:<br/>            exception_class = ElementNotInteractableException<br/>        elif status in ErrorCode.INVALID_COOKIE_DOMAIN:<br/>            exception_class = InvalidCookieDomainException<br/>        elif status in ErrorCode.UNABLE_TO_SET_COOKIE:<br/>            exception_class = UnableToSetCookieException<br/>        elif status in ErrorCode.TIMEOUT:<br/>            exception_class = TimeoutException<br/>        elif status in ErrorCode.SCRIPT_TIMEOUT:<br/>            exception_class = TimeoutException<br/>        elif status in ErrorCode.UNKNOWN_ERROR:<br/>            exception_class = WebDriverException<br/>        elif status in ErrorCode.UNEXPECTED_ALERT_OPEN:<br/>            exception_class = UnexpectedAlertPresentException<br/>        elif status in ErrorCode.NO_ALERT_OPEN:<br/>            exception_class = NoAlertPresentException<br/>        elif status in ErrorCode.IME_NOT_AVAILABLE:<br/>            exception_class = ImeNotAvailableException<br/>        elif status in ErrorCode.IME_ENGINE_ACTIVATION_FAILED:<br/>            exception_class = ImeActivationFailedException<br/>        elif status in ErrorCode.MOVE_TARGET_OUT_OF_BOUNDS:<br/>            exception_class = MoveTargetOutOfBoundsException<br/>        elif status in ErrorCode.JAVASCRIPT_ERROR:<br/>            exception_class = JavascriptException<br/>        elif status in ErrorCode.SESSION_NOT_CREATED:<br/>            exception_class = SessionNotCreatedException<br/>        elif status in ErrorCode.INVALID_ARGUMENT:<br/>            exception_class = InvalidArgumentException<br/>        elif status in ErrorCode.NO_SUCH_COOKIE:<br/>            exception_class = NoSuchCookieException<br/>        elif status in ErrorCode.UNABLE_TO_CAPTURE_SCREEN:<br/>            exception_class = ScreenshotException<br/>        elif status in ErrorCode.ELEMENT_CLICK_INTERCEPTED:<br/>            exception_class = ElementClickInterceptedException<br/>        elif status in ErrorCode.INSECURE_CERTIFICATE:<br/>            exception_class = InsecureCertificateException<br/>        elif status in ErrorCode.INVALID_COORDINATES:<br/>            exception_class = InvalidCoordinatesException<br/>        elif status in ErrorCode.INVALID_SESSION_ID:<br/>            exception_class = InvalidSessionIdException<br/>        elif status in ErrorCode.UNKNOWN_METHOD:<br/>            exception_class = UnknownMethodException<br/>        else:<br/>            exception_class = WebDriverException<br/>        if not value:<br/>            value = response[&quot;value&quot;]<br/>        if isinstance(value, str):<br/>            raise exception_class(value)<br/>        if message == &quot;&quot; and &quot;message&quot; in value:<br/>            message = value[&quot;message&quot;]<br/>    <br/>        screen = None  # type: ignore[assignment]<br/>        if &quot;screen&quot; in value:<br/>            screen = value[&quot;screen&quot;]<br/>    <br/>        stacktrace = None<br/>        st_value = value.get(&quot;stackTrace&quot;) or value.get(&quot;stacktrace&quot;)<br/>        if st_value:<br/>            if isinstance(st_value, str):<br/>                stacktrace = st_value.split(&quot;\n&quot;)<br/>            else:<br/>                stacktrace = []<br/>                try:<br/>                    for frame in st_value:<br/>                        line = frame.get(&quot;lineNumber&quot;, &quot;&quot;)<br/>                        file = frame.get(&quot;fileName&quot;, &quot;&lt;anonymous&gt;&quot;)<br/>                        if line:<br/>                            file = f&quot;{file}:{line}&quot;<br/>                        meth = frame.get(&quot;methodName&quot;, &quot;&lt;anonymous&gt;&quot;)<br/>                        if &quot;className&quot; in frame:<br/>                            meth = f&quot;{frame[&#x27;className&#x27;]}.{meth}&quot;<br/>                        msg = &quot;    at %s (%s)&quot;<br/>                        msg = msg % (meth, file)<br/>                        stacktrace.append(msg)<br/>                except TypeError:<br/>                    pass<br/>        if exception_class == UnexpectedAlertPresentException:<br/>            alert_text = None<br/>            if &quot;data&quot; in value:<br/>                alert_text = value[&quot;data&quot;].get(&quot;text&quot;)<br/>            elif &quot;alert&quot; in value:<br/>                alert_text = value[&quot;alert&quot;].get(&quot;text&quot;)<br/>            raise exception_class(message, screen, stacktrace, alert_text)  # type: ignore[call-arg]  # mypy is not smart enough here<br/>&gt;       raise exception_class(message, screen, stacktrace)<br/><span class="error">E       selenium.common.exceptions.NoSuchElementException: Message: no such element: Unable to locate element: {&quot;method&quot;:&quot;xpath&quot;,&quot;selector&quot;:&quot;//h2[normalize-space()=&#x27;CredKart&#x27;]&quot;}</span><br/><span class="error">E         (Session info: chrome=115.0.5790.99); For documentation on this error, please visit: https://www.selenium.dev/documentation/webdriver/troubleshooting/errors#no-such-element-exception</span><br/><span class="error">E       Stacktrace:</span><br/><span class="error">E       Backtrace:</span><br/><span class="error">E       	GetHandleVerifier [0x0037A813+48355]</span><br/><span class="error">E       	(No symbol) [0x0030C4B1]</span><br/><span class="error">E       	(No symbol) [0x00215358]</span><br/><span class="error">E       	(No symbol) [0x002409A5]</span><br/><span class="error">E       	(No symbol) [0x00240B3B]</span><br/><span class="error">E       	(No symbol) [0x0026E232]</span><br/><span class="error">E       	(No symbol) [0x0025A784]</span><br/><span class="error">E       	(No symbol) [0x0026C922]</span><br/><span class="error">E       	(No symbol) [0x0025A536]</span><br/><span class="error">E       	(No symbol) [0x002382DC]</span><br/><span class="error">E       	(No symbol) [0x002393DD]</span><br/><span class="error">E       	GetHandleVerifier [0x005DAABD+2539405]</span><br/><span class="error">E       	GetHandleVerifier [0x0061A78F+2800735]</span><br/><span class="error">E       	GetHandleVerifier [0x0061456C+2775612]</span><br/><span class="error">E       	GetHandleVerifier [0x004051E0+616112]</span><br/><span class="error">E       	(No symbol) [0x00315F8C]</span><br/><span class="error">E       	(No symbol) [0x00312328]</span><br/><span class="error">E       	(No symbol) [0x0031240B]</span><br/><span class="error">E       	(No symbol) [0x00304FF7]</span><br/><span class="error">E       	BaseThreadInitThunk [0x76BA00C9+25]</span><br/><span class="error">E       	RtlGetAppContainerNamedObjectPath [0x77477B1E+286]</span><br/><span class="error">E       	RtlGetAppContainerNamedObjectPath [0x77477AEE+238]</span><br/><br/>C:\Users\HP\AppData\Local\Programs\Python\Python311\Lib\site-packages\selenium\webdriver\remote\errorhandler.py:245: NoSuchElementException<br/><br/>During handling of the above exception, another exception occurred:<br/><br/>self = &lt;testCases.test_Login_params.Test_CredKart_Login_params object at 0x0000026F32529A90&gt;<br/>setup = &lt;selenium.webdriver.chrome.webdriver.WebDriver (session=&quot;20303a24f9c58555671138508c550139&quot;)&gt;<br/>getDataforLogin = (&#x27;Credencetest@test.com&#x27;, &#x27;Credence@1231&#x27;)<br/><br/>    def test_CredKart_Login_params_003(self, setup, getDataforLogin):<br/>        self.driver = setup<br/>        self.driver.get(&quot;https://automation.credence.in/login&quot;)<br/>        self.driver.find_element(By.XPATH, &quot;//input[@name=&#x27;email&#x27;]&quot;).send_keys(getDataforLogin[0])<br/>        self.driver.find_element(By.CSS_SELECTOR, &quot;input[id=&#x27;password&#x27;]&quot;).send_keys(getDataforLogin[1])<br/>        self.driver.find_element(By.XPATH, &quot;//button[@type=&#x27;submit&#x27;]&quot;).click()<br/>        try:<br/>            self.driver.find_element(By.XPATH, &quot;//h2[normalize-space()=&#x27;CredKart&#x27;]&quot;)<br/>            print(&quot;Login TestCase is Passed&quot;)<br/>            self.driver.save_screenshot(&quot;.\\ScreenSHots\\&quot;+getDataforLogin[0]+&quot;_&quot;+getDataforLogin[1]+&quot;_&quot;+&quot;test_CredKart_Login_002.PNG&quot;)<br/>            self.driver.close()<br/>            assert True<br/>        except:<br/>            print(&quot;Login TestCase is Failed&quot;)<br/>            self.driver.save_screenshot(&quot;.\\ScreenSHots\\&quot;+getDataforLogin[0]+&quot;_&quot;+getDataforLogin[1]+&quot;_&quot;+&quot;test_CredKart_Login_002.PNG&quot;)<br/>            self.driver.close()<br/>&gt;           assert False<br/><span class="error">E           assert False</span><br/><br/>testCases\test_Login_params.py:23: AssertionError[gw0] win32 -- Python 3.11.4 C:\Users\HP\AppData\Local\Programs\Python\Python311\python.exe<br/> -----------------------------Captured stdout setup------------------------------ <br/>Launching Chrome 
<br/> ------------------------------Captured stdout call------------------------------ <br/>Login TestCase is Failed
<br/></div></td></tr></tbody>
      <tbody class="passed results-table-row">
        <tr>
          <td class="col-result">Passed</td>
          <td class="col-name">testCases/test_Login_params.py::Test_CredKart_Login_params::test_CredKart_Login_params_003[getDataforLogin0]</td>
          <td class="col-duration">12.66</td>
          <td class="col-links"></td></tr>
        <tr>
          <td class="extra" colspan="4">
            <div class="log">[gw1] win32 -- Python 3.11.4 C:\Users\HP\AppData\Local\Programs\Python\Python311\python.exe<br/>[gw1] win32 -- Python 3.11.4 C:\Users\HP\AppData\Local\Programs\Python\Python311\python.exe[gw1] win32 -- Python 3.11.4 C:\Users\HP\AppData\Local\Programs\Python\Python311\python.exe[gw1] win32 -- Python 3.11.4 C:\Users\HP\AppData\Local\Programs\Python\Python311\python.exe<br/> -----------------------------Captured stdout setup------------------------------ <br/>Launching Chrome 
<br/> ------------------------------Captured stdout call------------------------------ <br/>Login TestCase is Passed
<br/></div></td></tr></tbody>
      <tbody class="passed results-table-row">
        <tr>
          <td class="col-result">Passed</td>
          <td class="col-name">testCases/test_Login.py::Test_CredKart_Login::test_pageTitle_001</td>
          <td class="col-duration">9.33</td>
          <td class="col-links"></td></tr>
        <tr>
          <td class="extra" colspan="4">
            <div class="log">[gw0] win32 -- Python 3.11.4 C:\Users\HP\AppData\Local\Programs\Python\Python311\python.exe<br/>[gw0] win32 -- Python 3.11.4 C:\Users\HP\AppData\Local\Programs\Python\Python311\python.exe[gw0] win32 -- Python 3.11.4 C:\Users\HP\AppData\Local\Programs\Python\Python311\python.exe[gw0] win32 -- Python 3.11.4 C:\Users\HP\AppData\Local\Programs\Python\Python311\python.exe<br/> -----------------------------Captured stdout setup------------------------------ <br/>Launching Chrome 
<br/></div></td></tr></tbody>
      <tbody class="passed results-table-row">
        <tr>
          <td class="col-result">Passed</td>
          <td class="col-name">testCases/test_Login.py::Test_CredKart_Login::test_CredKart_Login_002</td>
          <td class="col-duration">12.91</td>
          <td class="col-links"></td></tr>
        <tr>
          <td class="extra" colspan="4">
            <div class="log">[gw0] win32 -- Python 3.11.4 C:\Users\HP\AppData\Local\Programs\Python\Python311\python.exe<br/>[gw0] win32 -- Python 3.11.4 C:\Users\HP\AppData\Local\Programs\Python\Python311\python.exe[gw0] win32 -- Python 3.11.4 C:\Users\HP\AppData\Local\Programs\Python\Python311\python.exe[gw0] win32 -- Python 3.11.4 C:\Users\HP\AppData\Local\Programs\Python\Python311\python.exe<br/> -----------------------------Captured stdout setup------------------------------ <br/>Launching Chrome 
<br/> ------------------------------Captured stdout call------------------------------ <br/>Login TestCase is Passed
<br/></div></td></tr></tbody></table></body></html>